<?xml version="1.0" encoding="UTF-8"?>
<testsuite name="PinterestTest" tests="3" skipped="0" failures="0" errors="0" timestamp="2021-04-28T14:13:51" hostname="DESKTOP-1QC9MIT" time="62.956">
  <properties/>
  <testcase name="searchTest" classname="PinterestTest" time="21.434"/>
  <testcase name="FillFormTest" classname="PinterestTest" time="19.563"/>
  <testcase name="loginLogout" classname="PinterestTest" time="21.959"/>
  <system-out><![CDATA[Home
2
V
Inkbox Tattoos
gemini princess
kaaviya
Privacy
Pinterest is using cookies to help give you the best experience we can.
Learn More
Got it!
]]></system-out>
  <system-err><![CDATA[SLF4J: Failed to load class "org.slf4j.impl.StaticLoggerBinder".
SLF4J: Defaulting to no-operation (NOP) logger implementation
SLF4J: See http://www.slf4j.org/codes.html#StaticLoggerBinder for further details.
Starting ChromeDriver 90.0.4430.24 (4c6d850f087da467d926e8eddb76550aed655991-refs/branch-heads/4430@{#429}) on port 29531
Only local connections are allowed.
Please see https://chromedriver.chromium.org/security-considerations for suggestions on keeping ChromeDriver safe.
ChromeDriver was started successfully.
Starting ChromeDriver 90.0.4430.24 (4c6d850f087da467d926e8eddb76550aed655991-refs/branch-heads/4430@{#429}) on port 17875
Only local connections are allowed.
Please see https://chromedriver.chromium.org/security-considerations for suggestions on keeping ChromeDriver safe.
ChromeDriver was started successfully.
Starting ChromeDriver 90.0.4430.24 (4c6d850f087da467d926e8eddb76550aed655991-refs/branch-heads/4430@{#429}) on port 26883
Only local connections are allowed.
Please see https://chromedriver.chromium.org/security-considerations for suggestions on keeping ChromeDriver safe.
ChromeDriver was started successfully.
]]></system-err>
</testsuite>
