<?xml version="1.0" encoding="UTF-8"?>
<testsuite name="PinterestTest" tests="2" skipped="0" failures="0" errors="0" timestamp="2021-04-27T20:53:28" hostname="DESKTOP-1QC9MIT" time="36.046">
  <properties/>
  <testcase name="searchTest" classname="PinterestTest" time="18.201"/>
  <testcase name="loginLogout" classname="PinterestTest" time="17.845"/>
  <system-out><![CDATA[Home
1
V
zzzsociety
Interior Design
Privacy
Pinterest is using cookies to help give you the best experience we can.
Learn More
Got it!
]]></system-out>
  <system-err><![CDATA[SLF4J: Failed to load class "org.slf4j.impl.StaticLoggerBinder".
SLF4J: Defaulting to no-operation (NOP) logger implementation
SLF4J: See http://www.slf4j.org/codes.html#StaticLoggerBinder for further details.
Starting ChromeDriver 90.0.4430.24 (4c6d850f087da467d926e8eddb76550aed655991-refs/branch-heads/4430@{#429}) on port 28753
Only local connections are allowed.
Please see https://chromedriver.chromium.org/security-considerations for suggestions on keeping ChromeDriver safe.
ChromeDriver was started successfully.
Starting ChromeDriver 90.0.4430.24 (4c6d850f087da467d926e8eddb76550aed655991-refs/branch-heads/4430@{#429}) on port 2079
Only local connections are allowed.
Please see https://chromedriver.chromium.org/security-considerations for suggestions on keeping ChromeDriver safe.
ChromeDriver was started successfully.
]]></system-err>
</testsuite>
